{
  "stats": {
    "suites": 1,
    "tests": 1,
    "passes": 1,
    "pending": 0,
    "failures": 0,
    "start": "2020-07-28T09:55:25.528Z",
    "end": "2020-07-28T09:55:28.347Z",
    "duration": 2819,
    "testsRegistered": 1,
    "passPercent": 100,
    "pendingPercent": 0,
    "other": 0,
    "hasOther": false,
    "skipped": 0,
    "hasSkipped": false
  },
  "results": [
    {
      "uuid": "93a30531-d9e2-4198-943b-284a9ebf0cda",
      "title": "",
      "fullFile": "cypress\\integration\\secondTest.spec.js",
      "file": "cypress\\integration\\secondTest.spec.js",
      "beforeHooks": [],
      "afterHooks": [],
      "tests": [],
      "suites": [
        {
          "uuid": "c11887e0-a262-490c-8eac-dcbefa34bb0d",
          "title": "Test log out",
          "fullFile": "",
          "file": "",
          "beforeHooks": [],
          "afterHooks": [],
          "tests": [
            {
              "title": "verify logging out",
              "fullTitle": "Test log out verify logging out",
              "timedOut": null,
              "duration": 2793,
              "state": "passed",
              "speed": "slow",
              "pass": true,
              "fail": false,
              "pending": false,
              "context": null,
              "code": "cy.contains('Settings').click();\ncy.contains(' Or click here to logout').click();\ncy.get('[class=\"nav navbar-nav pull-xs-right\"]').should('contain', \"Sign in\");",
              "err": {},
              "uuid": "21dfe89c-063e-4ff1-8c80-6d6a44aa20ea",
              "parentUUID": "c11887e0-a262-490c-8eac-dcbefa34bb0d",
              "isHook": false,
              "skipped": false
            }
          ],
          "suites": [],
          "passes": [
            "21dfe89c-063e-4ff1-8c80-6d6a44aa20ea"
          ],
          "failures": [],
          "pending": [],
          "skipped": [],
          "duration": 2793,
          "root": false,
          "rootEmpty": false,
          "_timeout": 2000
        }
      ],
      "passes": [],
      "failures": [],
      "pending": [],
      "skipped": [],
      "duration": 0,
      "root": true,
      "rootEmpty": true,
      "_timeout": 2000
    }
  ],
  "meta": {
    "mocha": {
      "version": "7.0.1"
    },
    "mochawesome": {
      "options": {
        "quiet": false,
        "reportFilename": "mochawesome",
        "saveHtml": false,
        "saveJson": true,
        "consoleReporter": "spec",
        "useInlineDiffs": false,
        "code": true
      },
      "version": "6.1.1"
    },
    "marge": {
      "options": {
        "id": "default",
        "reportDir": "cypress/results/mochawesome",
        "overwrite": false,
        "html": false,
        "json": true
      },
      "version": "5.1.0"
    }
  }
}