<?xml version="1.0" encoding="UTF-8"?>
<testsuites name="Mocha Tests" time="3.0670" tests="1" failures="0">
  <testsuite name="Root Suite" timestamp="2020-07-30T22:51:21" tests="0" file="cypress\integration\secondTest.spec.js" time="0.0000" failures="0">
  </testsuite>
  <testsuite name="Test log out" timestamp="2020-07-30T22:51:21" tests="1" time="3.0670" failures="0">
    <testcase name="Test log out verify logging out" time="3.0670" classname="verify logging out">
    </testcase>
  </testsuite>
</testsuites>