<?xml version="1.0" encoding="UTF-8"?>
<testsuites name="Mocha Tests" time="2.9180" tests="1" failures="0">
  <testsuite name="Root Suite" timestamp="2020-08-04T20:17:21" tests="0" file="cypress\integration\secondTest.spec.js" time="0.0000" failures="0">
  </testsuite>
  <testsuite name="Test log out" timestamp="2020-08-04T20:17:21" tests="1" time="2.9180" failures="0">
    <testcase name="Test log out verify logging out" time="2.9180" classname="verify logging out">
    </testcase>
  </testsuite>
</testsuites>