<?xml version="1.0" encoding="UTF-8"?>
<testsuites name="Mocha Tests" time="26.1930" tests="4" failures="0">
  <testsuite name="Root Suite" timestamp="2020-07-28T09:54:56" tests="0" file="cypress\integration\firstAPITest.spec.js" time="0.0000" failures="0">
  </testsuite>
  <testsuite name="Test with backend" timestamp="2020-07-28T09:54:56" tests="4" time="26.1930" failures="0">
    <testcase name="Test with backend verify correct request and response from API" time="10.1080" classname="verify correct request and response from API">
    </testcase>
    <testcase name="Test with backend should give tags with routing object" time="5.3120" classname="should give tags with routing object">
    </testcase>
    <testcase name="Test with backend verify global feed likes count" time="1.8490" classname="verify global feed likes count">
    </testcase>
    <testcase name="Test with backend deleting a new article in the Global Feed" time="8.9240" classname="deleting a new article in the Global Feed">
    </testcase>
  </testsuite>
</testsuites>